22:59:55,526 [INFO ] (FlashSafeApplication.java:71) - Lookup FlashSafeSystem
22:59:55,904 [INFO ] (DefaultFlashSafeSystem.java:26) - Using class ru.flashsafe.core.impl.DefaultFlashSafeSystem as an implementation of interface ru.flashsafe.core.FlashSafeSystem
22:59:56,656 [DEBUG] (ResourceResolver.java:65) - Loading resource ResourceCacheKey [parent=fls://, resourceName=]
23:04:13,740 [INFO ] (FlashSafeStorageServiceImpl.java:69) - Handling application stop event
23:04:13,742 [INFO ] (LocalFileManager.java:62) - Handling application stop event
23:04:13,743 [INFO ] (FlashSafeAuthClientFilter.java:72) - Handling application stop event
23:04:13,749 [INFO ] (DefaultFlashSafeStorageService.java:127) - Handling application stop event
23:04:23,073 [INFO ] (FlashSafeApplication.java:71) - Lookup FlashSafeSystem
23:04:23,704 [INFO ] (DefaultFlashSafeSystem.java:26) - Using class ru.flashsafe.core.impl.DefaultFlashSafeSystem as an implementation of interface ru.flashsafe.core.FlashSafeSystem
23:04:24,663 [DEBUG] (ResourceResolver.java:65) - Loading resource ResourceCacheKey [parent=fls://, resourceName=]
23:11:15,410 [INFO ] (FlashSafeStorageServiceImpl.java:69) - Handling application stop event
23:11:15,413 [INFO ] (LocalFileManager.java:62) - Handling application stop event
23:11:15,414 [INFO ] (FlashSafeAuthClientFilter.java:72) - Handling application stop event
23:11:15,448 [INFO ] (DefaultFlashSafeStorageService.java:127) - Handling application stop event
01:53:35,640 [INFO ] (FlashSafeApplication.java:71) - Lookup FlashSafeSystem
01:53:35,974 [INFO ] (DefaultFlashSafeSystem.java:26) - Using class ru.flashsafe.core.impl.DefaultFlashSafeSystem as an implementation of interface ru.flashsafe.core.FlashSafeSystem
01:53:36,627 [DEBUG] (ResourceResolver.java:65) - Loading resource ResourceCacheKey [parent=fls://, resourceName=]
01:55:44,483 [DEBUG] (ResourceResolver.java:65) - Loading resource ResourceCacheKey [parent=fls://, resourceName=pic.jpg]
01:56:20,807 [DEBUG] (ResourceResolver.java:65) - Loading resource ResourceCacheKey [parent=fls://, resourceName=word.doc]
01:58:22,790 [DEBUG] (ResourceResolver.java:65) - Loading resource ResourceCacheKey [parent=fls://, resourceName=.odt]
02:08:31,677 [INFO ] (FlashSafeStorageServiceImpl.java:69) - Handling application stop event
02:08:31,678 [INFO ] (LocalFileManager.java:62) - Handling application stop event
02:08:31,679 [INFO ] (FlashSafeAuthClientFilter.java:72) - Handling application stop event
02:08:31,692 [INFO ] (DefaultFlashSafeStorageService.java:127) - Handling application stop event
02:08:37,476 [INFO ] (FlashSafeApplication.java:71) - Lookup FlashSafeSystem
02:08:37,930 [INFO ] (DefaultFlashSafeSystem.java:26) - Using class ru.flashsafe.core.impl.DefaultFlashSafeSystem as an implementation of interface ru.flashsafe.core.FlashSafeSystem
02:08:39,070 [DEBUG] (ResourceResolver.java:65) - Loading resource ResourceCacheKey [parent=fls://, resourceName=]
02:20:46,704 [INFO ] (DefaultFlashSafeStorageService.java:127) - Handling application stop event
02:20:46,714 [INFO ] (FlashSafeStorageServiceImpl.java:69) - Handling application stop event
02:20:46,717 [INFO ] (FlashSafeAuthClientFilter.java:72) - Handling application stop event
02:20:46,729 [INFO ] (LocalFileManager.java:62) - Handling application stop event
02:34:35,754 [INFO ] (FlashSafeApplication.java:71) - Lookup FlashSafeSystem
02:34:36,082 [INFO ] (DefaultFlashSafeSystem.java:26) - Using class ru.flashsafe.core.impl.DefaultFlashSafeSystem as an implementation of interface ru.flashsafe.core.FlashSafeSystem
02:34:38,212 [WARN ] (SystemTrayUtil.java:36) - Error while adding FlashSafe to tray
java.awt.AWTException: TrayIcon couldn't be displayed.
	at sun.awt.X11.XTrayIconPeer.<init>(XTrayIconPeer.java:268) ~[?:1.8.0_91]
	at sun.awt.X11.XToolkit.createTrayIcon(XToolkit.java:1146) ~[?:1.8.0_91]
	at java.awt.TrayIcon.addNotify(TrayIcon.java:691) ~[?:1.8.0_91]
	at java.awt.SystemTray.add(SystemTray.java:276) ~[?:1.8.0_91]
	at ru.flashsafe.util.SystemTrayUtil.addToSystemTray(SystemTrayUtil.java:32) ~[main/:?]
	at ru.flashsafe.Main.start(Main.java:112) ~[main/:?]
	at com.sun.javafx.application.LauncherImpl.lambda$launchApplication1$162(LauncherImpl.java:863) ~[jfxrt.jar:?]
	at com.sun.javafx.application.PlatformImpl.lambda$runAndWait$175(PlatformImpl.java:326) ~[jfxrt.jar:?]
	at com.sun.javafx.application.PlatformImpl.lambda$null$173(PlatformImpl.java:295) ~[jfxrt.jar:?]
	at java.security.AccessController.doPrivileged(Native Method) ~[?:1.8.0_91]
	at com.sun.javafx.application.PlatformImpl.lambda$runLater$174(PlatformImpl.java:294) ~[jfxrt.jar:?]
	at com.sun.glass.ui.InvokeLaterDispatcher$Future.run(InvokeLaterDispatcher.java:95) ~[jfxrt.jar:?]
	at com.sun.glass.ui.gtk.GtkApplication._runLoop(Native Method) ~[jfxrt.jar:?]
	at com.sun.glass.ui.gtk.GtkApplication.lambda$null$49(GtkApplication.java:139) ~[jfxrt.jar:?]
	at java.lang.Thread.run(Thread.java:745) [?:1.8.0_91]
02:34:38,871 [DEBUG] (ResourceResolver.java:65) - Loading resource ResourceCacheKey [parent=fls://, resourceName=]
02:34:44,413 [INFO ] (FlashSafeAuthClientFilter.java:116) - Weird thing just happened
javax.ws.rs.ProcessingException: Error reading entity from input stream.
	at org.glassfish.jersey.message.internal.InboundMessageContext.readEntity(InboundMessageContext.java:868) ~[jersey-common-2.19.jar:?]
	at org.glassfish.jersey.message.internal.InboundMessageContext.readEntity(InboundMessageContext.java:785) ~[jersey-common-2.19.jar:?]
	at org.glassfish.jersey.client.ClientResponse.readEntity(ClientResponse.java:326) ~[jersey-client-2.19.jar:?]
	at org.glassfish.jersey.client.JerseyInvocation.translate(JerseyInvocation.java:790) ~[jersey-client-2.19.jar:?]
	at org.glassfish.jersey.client.JerseyInvocation.access$500(JerseyInvocation.java:91) ~[jersey-client-2.19.jar:?]
	at org.glassfish.jersey.client.JerseyInvocation$2.call(JerseyInvocation.java:687) ~[jersey-client-2.19.jar:?]
	at org.glassfish.jersey.internal.Errors.process(Errors.java:315) ~[jersey-common-2.19.jar:?]
	at org.glassfish.jersey.internal.Errors.process(Errors.java:297) ~[jersey-common-2.19.jar:?]
	at org.glassfish.jersey.internal.Errors.process(Errors.java:228) ~[jersey-common-2.19.jar:?]
	at org.glassfish.jersey.process.internal.RequestScope.runInScope(RequestScope.java:444) ~[jersey-common-2.19.jar:?]
	at org.glassfish.jersey.client.JerseyInvocation.invoke(JerseyInvocation.java:683) ~[jersey-client-2.19.jar:?]
	at org.glassfish.jersey.client.JerseyInvocation$Builder.method(JerseyInvocation.java:439) ~[jersey-client-2.19.jar:?]
	at org.glassfish.jersey.client.JerseyInvocation$Builder.post(JerseyInvocation.java:340) ~[jersey-client-2.19.jar:?]
	at ru.flashsafe.core.old.storage.rest.FlashSafeAuthClientFilter.doAuth(FlashSafeAuthClientFilter.java:113) [core-0.1.jar:?]
	at ru.flashsafe.core.old.storage.rest.FlashSafeAuthClientFilter.doAuth(FlashSafeAuthClientFilter.java:99) [core-0.1.jar:?]
	at ru.flashsafe.core.old.storage.rest.FlashSafeAuthClientFilter.filter(FlashSafeAuthClientFilter.java:82) [core-0.1.jar:?]
	at org.glassfish.jersey.client.ClientFilteringStages$RequestFilteringStage.apply(ClientFilteringStages.java:114) [jersey-client-2.19.jar:?]
	at org.glassfish.jersey.client.ClientFilteringStages$RequestFilteringStage.apply(ClientFilteringStages.java:102) [jersey-client-2.19.jar:?]
	at org.glassfish.jersey.process.internal.Stages.process(Stages.java:171) [jersey-common-2.19.jar:?]
	at org.glassfish.jersey.client.ClientRuntime.invoke(ClientRuntime.java:254) [jersey-client-2.19.jar:?]
	at org.glassfish.jersey.client.JerseyInvocation$2.call(JerseyInvocation.java:687) [jersey-client-2.19.jar:?]
	at org.glassfish.jersey.internal.Errors.process(Errors.java:315) [jersey-common-2.19.jar:?]
	at org.glassfish.jersey.internal.Errors.process(Errors.java:297) [jersey-common-2.19.jar:?]
	at org.glassfish.jersey.internal.Errors.process(Errors.java:228) [jersey-common-2.19.jar:?]
	at org.glassfish.jersey.process.internal.RequestScope.runInScope(RequestScope.java:444) [jersey-common-2.19.jar:?]
	at org.glassfish.jersey.client.JerseyInvocation.invoke(JerseyInvocation.java:683) [jersey-client-2.19.jar:?]
	at org.glassfish.jersey.client.JerseyInvocation$Builder.method(JerseyInvocation.java:411) [jersey-client-2.19.jar:?]
	at org.glassfish.jersey.client.JerseyInvocation$Builder.get(JerseyInvocation.java:307) [jersey-client-2.19.jar:?]
	at ru.flashsafe.core.old.storage.DefaultFlashSafeStorageService.doList(DefaultFlashSafeStorageService.java:156) [core-0.1.jar:?]
	at ru.flashsafe.core.old.storage.DefaultFlashSafeStorageService.list(DefaultFlashSafeStorageService.java:139) [core-0.1.jar:?]
	at ru.flashsafe.core.old.storage.FlashSafeStorageServiceImpl.list(FlashSafeStorageServiceImpl.java:92) [core-0.1.jar:?]
	at ru.flashsafe.core.storage.FlashSafeStorageFileManager.list(FlashSafeStorageFileManager.java:34) [core-0.1.jar:?]
	at ru.flashsafe.core.file.impl.UnifiedFileManager.list(UnifiedFileManager.java:56) [core-0.1.jar:?]
	at ru.flashsafe.controller.MainSceneController.listFolder(MainSceneController.java:824) [main/:?]
	at ru.flashsafe.controller.MainSceneController.access$1200(MainSceneController.java:97) [main/:?]
	at ru.flashsafe.controller.MainSceneController$5.call(MainSceneController.java:807) [main/:?]
	at ru.flashsafe.controller.MainSceneController$5.call(MainSceneController.java:804) [main/:?]
	at javafx.concurrent.Task$TaskCallable.call(Task.java:1423) [jfxrt.jar:?]
	at java.util.concurrent.FutureTask.run(FutureTask.java:266) [?:1.8.0_91]
	at java.lang.Thread.run(Thread.java:745) [?:1.8.0_91]
Caused by: com.fasterxml.jackson.databind.JsonMappingException: Can not deserialize instance of ru.flashsafe.core.old.storage.rest.data.AuthData out of START_ARRAY token
 at [Source: org.glassfish.jersey.message.internal.ReaderInterceptorExecutor$UnCloseableInputStream@1144bb54; line: 1, column: 42] (through reference chain: ru.flashsafe.core.old.storage.rest.data.AuthResponse["data"])
	at com.fasterxml.jackson.databind.JsonMappingException.from(JsonMappingException.java:148) ~[jackson-databind-2.5.1.jar:2.5.1]
	at com.fasterxml.jackson.databind.DeserializationContext.mappingException(DeserializationContext.java:835) ~[jackson-databind-2.5.1.jar:2.5.1]
	at com.fasterxml.jackson.databind.DeserializationContext.mappingException(DeserializationContext.java:831) ~[jackson-databind-2.5.1.jar:2.5.1]
	at com.fasterxml.jackson.databind.deser.BeanDeserializerBase.deserializeFromArray(BeanDeserializerBase.java:1229) ~[jackson-databind-2.5.1.jar:2.5.1]
	at com.fasterxml.jackson.databind.deser.BeanDeserializer._deserializeOther(BeanDeserializer.java:165) ~[jackson-databind-2.5.1.jar:2.5.1]
	at com.fasterxml.jackson.databind.deser.BeanDeserializer.deserialize(BeanDeserializer.java:144) ~[jackson-databind-2.5.1.jar:2.5.1]
	at com.fasterxml.jackson.databind.deser.SettableBeanProperty.deserialize(SettableBeanProperty.java:523) ~[jackson-databind-2.5.1.jar:2.5.1]
	at com.fasterxml.jackson.databind.deser.impl.FieldProperty.deserializeAndSet(FieldProperty.java:101) ~[jackson-databind-2.5.1.jar:2.5.1]
	at com.fasterxml.jackson.databind.deser.impl.BeanPropertyMap.findDeserializeAndSet(BeanPropertyMap.java:285) ~[jackson-databind-2.5.1.jar:2.5.1]
	at com.fasterxml.jackson.databind.deser.BeanDeserializer.vanillaDeserialize(BeanDeserializer.java:248) ~[jackson-databind-2.5.1.jar:2.5.1]
	at com.fasterxml.jackson.databind.deser.BeanDeserializer.deserialize(BeanDeserializer.java:136) ~[jackson-databind-2.5.1.jar:2.5.1]
	at com.fasterxml.jackson.databind.ObjectReader._bind(ObjectReader.java:1408) ~[jackson-databind-2.5.1.jar:2.5.1]
	at com.fasterxml.jackson.databind.ObjectReader.readValue(ObjectReader.java:858) ~[jackson-databind-2.5.1.jar:2.5.1]
	at com.fasterxml.jackson.jaxrs.base.ProviderBase.readFrom(ProviderBase.java:808) ~[jackson-jaxrs-base-2.5.1.jar:2.5.1]
	at org.glassfish.jersey.message.internal.ReaderInterceptorExecutor$TerminalReaderInterceptor.invokeReadFrom(ReaderInterceptorExecutor.java:266) ~[jersey-common-2.19.jar:?]
	at org.glassfish.jersey.message.internal.ReaderInterceptorExecutor$TerminalReaderInterceptor.aroundReadFrom(ReaderInterceptorExecutor.java:236) ~[jersey-common-2.19.jar:?]
	at org.glassfish.jersey.message.internal.ReaderInterceptorExecutor.proceed(ReaderInterceptorExecutor.java:156) ~[jersey-common-2.19.jar:?]
	at org.glassfish.jersey.message.internal.MessageBodyFactory.readFrom(MessageBodyFactory.java:1085) ~[jersey-common-2.19.jar:?]
	at org.glassfish.jersey.message.internal.InboundMessageContext.readEntity(InboundMessageContext.java:853) ~[jersey-common-2.19.jar:?]
	... 39 more
02:40:01,812 [DEBUG] (ResourceResolver.java:65) - Loading resource ResourceCacheKey [parent=fls://, resourceName=pic.jpg]
02:40:26,305 [DEBUG] (ResourceResolver.java:65) - Loading resource ResourceCacheKey [parent=fls://, resourceName=Flashsafe4NEW.jpeg]
02:40:57,522 [DEBUG] (ResourceResolver.java:65) - Loading resource ResourceCacheKey [parent=fls://, resourceName=text.txt]
02:43:51,107 [INFO ] (DefaultFlashSafeStorageService.java:127) - Handling application stop event
02:43:51,136 [INFO ] (FlashSafeStorageServiceImpl.java:69) - Handling application stop event
02:43:51,139 [INFO ] (FlashSafeAuthClientFilter.java:72) - Handling application stop event
02:43:51,145 [INFO ] (LocalFileManager.java:62) - Handling application stop event
