18:22:12,723 [INFO ] (FlashSafeApplication.java:71) - Lookup FlashSafeSystem
18:22:13,158 [INFO ] (DefaultFlashSafeSystem.java:26) - Using class ru.flashsafe.core.impl.DefaultFlashSafeSystem as an implementation of interface ru.flashsafe.core.FlashSafeSystem
18:22:14,411 [DEBUG] (ResourceResolver.java:65) - Loading resource ResourceCacheKey [parent=fls://, resourceName=]
18:22:44,220 [DEBUG] (CopyDirectoryToStorageVisitor.java:96) - Uploading file /Users/lesha/Desktop/hackmepls.jpg to fls:///
18:23:15,784 [DEBUG] (CopyDirectoryToStorageVisitor.java:160) - Operation was stopped
java.lang.InterruptedException
	at java.util.concurrent.locks.AbstractQueuedSynchronizer$ConditionObject.reportInterruptAfterWait(AbstractQueuedSynchronizer.java:2014) ~[?:1.8.0_74]
	at java.util.concurrent.locks.AbstractQueuedSynchronizer$ConditionObject.await(AbstractQueuedSynchronizer.java:2048) ~[?:1.8.0_74]
	at ru.flashsafe.core.storage.SingleFileStorageOperation.waitUntilFinished(SingleFileStorageOperation.java:59) ~[core-0.1.jar:?]
	at ru.flashsafe.core.storage.util.CopyDirectoryToStorageVisitor.waitUntilFinished(CopyDirectoryToStorageVisitor.java:155) [core-0.1.jar:?]
	at ru.flashsafe.core.storage.util.CopyDirectoryToStorageVisitor.visitFile(CopyDirectoryToStorageVisitor.java:99) [core-0.1.jar:?]
	at ru.flashsafe.core.storage.util.CopyDirectoryToStorageVisitor.visitFile(CopyDirectoryToStorageVisitor.java:33) [core-0.1.jar:?]
	at java.nio.file.Files.walkFileTree(Files.java:2670) [?:1.8.0_74]
	at ru.flashsafe.core.file.util.AsyncFileTreeWalker.call(AsyncFileTreeWalker.java:57) [core-0.1.jar:?]
	at ru.flashsafe.core.file.util.AsyncFileTreeWalker.call(AsyncFileTreeWalker.java:26) [core-0.1.jar:?]
	at java.util.concurrent.FutureTask.run(FutureTask.java:266) [?:1.8.0_74]
	at java.util.concurrent.ThreadPoolExecutor.runWorker(ThreadPoolExecutor.java:1142) [?:1.8.0_74]
	at java.util.concurrent.ThreadPoolExecutor$Worker.run(ThreadPoolExecutor.java:617) [?:1.8.0_74]
	at java.lang.Thread.run(Thread.java:745) [?:1.8.0_74]
18:23:33,562 [WARN ] (DefaultFlashSafeStorageService.java:259) - Error while uploading file /Users/lesha/Desktop/hackmepls.jpg to directory with id 0
javax.ws.rs.ProcessingException: java.io.IOException: Error writing request body to server
	at org.glassfish.jersey.client.HttpUrlConnector$3.run(HttpUrlConnector.java:256) ~[jersey-client-2.19.jar:?]
	at java.util.concurrent.Executors$RunnableAdapter.call(Executors.java:511) ~[?:1.8.0_74]
	at java.util.concurrent.FutureTask.run(FutureTask.java:266) ~[?:1.8.0_74]
	at jersey.repackaged.com.google.common.util.concurrent.MoreExecutors$DirectExecutorService.execute(MoreExecutors.java:299) ~[jersey-guava-2.19.jar:?]
	at java.util.concurrent.AbstractExecutorService.submit(AbstractExecutorService.java:112) ~[?:1.8.0_74]
	at jersey.repackaged.com.google.common.util.concurrent.AbstractListeningExecutorService.submit(AbstractListeningExecutorService.java:50) ~[jersey-guava-2.19.jar:?]
	at jersey.repackaged.com.google.common.util.concurrent.AbstractListeningExecutorService.submit(AbstractListeningExecutorService.java:37) ~[jersey-guava-2.19.jar:?]
	at org.glassfish.jersey.client.HttpUrlConnector.apply(HttpUrlConnector.java:250) ~[jersey-client-2.19.jar:?]
	at org.glassfish.jersey.client.ClientRuntime$2.run(ClientRuntime.java:177) [jersey-client-2.19.jar:?]
	at org.glassfish.jersey.internal.Errors$1.call(Errors.java:271) [jersey-common-2.19.jar:?]
	at org.glassfish.jersey.internal.Errors$1.call(Errors.java:267) [jersey-common-2.19.jar:?]
	at org.glassfish.jersey.internal.Errors.process(Errors.java:315) [jersey-common-2.19.jar:?]
	at org.glassfish.jersey.internal.Errors.process(Errors.java:297) [jersey-common-2.19.jar:?]
	at org.glassfish.jersey.internal.Errors.process(Errors.java:267) [jersey-common-2.19.jar:?]
	at org.glassfish.jersey.process.internal.RequestScope.runInScope(RequestScope.java:340) [jersey-common-2.19.jar:?]
	at org.glassfish.jersey.client.ClientRuntime$3.run(ClientRuntime.java:209) [jersey-client-2.19.jar:?]
	at java.util.concurrent.Executors$RunnableAdapter.call(Executors.java:511) [?:1.8.0_74]
	at java.util.concurrent.FutureTask.run(FutureTask.java:266) [?:1.8.0_74]
	at java.util.concurrent.ThreadPoolExecutor.runWorker(ThreadPoolExecutor.java:1142) [?:1.8.0_74]
	at java.util.concurrent.ThreadPoolExecutor$Worker.run(ThreadPoolExecutor.java:617) [?:1.8.0_74]
	at java.lang.Thread.run(Thread.java:745) [?:1.8.0_74]
Caused by: java.io.IOException: Error writing request body to server
	at sun.net.www.protocol.http.HttpURLConnection$StreamingOutputStream.checkError(HttpURLConnection.java:3479) ~[?:1.8.0_74]
	at sun.net.www.protocol.http.HttpURLConnection$StreamingOutputStream.write(HttpURLConnection.java:3462) ~[?:1.8.0_74]
	at org.glassfish.jersey.message.internal.CommittingOutputStream.write(CommittingOutputStream.java:229) ~[jersey-common-2.19.jar:?]
	at org.glassfish.jersey.message.internal.WriterInterceptorExecutor$UnCloseableOutputStream.write(WriterInterceptorExecutor.java:299) ~[jersey-common-2.19.jar:?]
	at org.glassfish.jersey.message.internal.ReaderWriter.writeTo(ReaderWriter.java:113) ~[jersey-common-2.19.jar:?]
	at org.glassfish.jersey.message.internal.AbstractMessageReaderWriterProvider.writeTo(AbstractMessageReaderWriterProvider.java:79) ~[jersey-common-2.19.jar:?]
	at org.glassfish.jersey.message.internal.InputStreamProvider.writeTo(InputStreamProvider.java:105) ~[jersey-common-2.19.jar:?]
	at org.glassfish.jersey.message.internal.InputStreamProvider.writeTo(InputStreamProvider.java:60) ~[jersey-common-2.19.jar:?]
	at ru.flashsafe.core.old.storage.rest.CustomMultipart.writeTo(CustomMultipart.java:235) ~[core-0.1.jar:?]
	at ru.flashsafe.core.old.storage.rest.CustomMultipart.writeTo(CustomMultipart.java:81) ~[core-0.1.jar:?]
	at org.glassfish.jersey.message.internal.WriterInterceptorExecutor$TerminalWriterInterceptor.invokeWriteTo(WriterInterceptorExecutor.java:265) ~[jersey-common-2.19.jar:?]
	at org.glassfish.jersey.message.internal.WriterInterceptorExecutor$TerminalWriterInterceptor.aroundWriteTo(WriterInterceptorExecutor.java:250) ~[jersey-common-2.19.jar:?]
	at org.glassfish.jersey.message.internal.WriterInterceptorExecutor.proceed(WriterInterceptorExecutor.java:162) ~[jersey-common-2.19.jar:?]
	at org.glassfish.jersey.message.internal.MessageBodyFactory.writeTo(MessageBodyFactory.java:1128) ~[jersey-common-2.19.jar:?]
	at org.glassfish.jersey.client.ClientRequest.writeEntity(ClientRequest.java:502) ~[jersey-client-2.19.jar:?]
	at org.glassfish.jersey.client.HttpUrlConnector._apply(HttpUrlConnector.java:329) ~[jersey-client-2.19.jar:?]
	at org.glassfish.jersey.client.HttpUrlConnector.access$000(HttpUrlConnector.java:91) ~[jersey-client-2.19.jar:?]
	at org.glassfish.jersey.client.HttpUrlConnector$3.run(HttpUrlConnector.java:254) ~[jersey-client-2.19.jar:?]
	... 20 more
18:23:37,007 [INFO ] (LocalFileManager.java:62) - Handling application stop event
18:23:37,007 [INFO ] (FlashSafeAuthClientFilter.java:72) - Handling application stop event
18:23:37,020 [INFO ] (DefaultFlashSafeStorageService.java:128) - Handling application stop event
18:23:37,028 [INFO ] (FlashSafeStorageServiceImpl.java:69) - Handling application stop event
18:23:59,095 [INFO ] (FlashSafeApplication.java:71) - Lookup FlashSafeSystem
18:23:59,474 [INFO ] (DefaultFlashSafeSystem.java:26) - Using class ru.flashsafe.core.impl.DefaultFlashSafeSystem as an implementation of interface ru.flashsafe.core.FlashSafeSystem
18:24:00,513 [DEBUG] (ResourceResolver.java:65) - Loading resource ResourceCacheKey [parent=fls://, resourceName=]
18:24:22,217 [DEBUG] (CopyDirectoryToStorageVisitor.java:96) - Uploading file /Users/lesha/Desktop/hackmepls.jpg to fls:///
18:24:28,956 [DEBUG] (ResourceResolver.java:65) - Loading resource ResourceCacheKey [parent=fls://, resourceName=Papa Roach - Between Angels And Insects.mp3]
18:30:05,918 [INFO ] (LocalFileManager.java:62) - Handling application stop event
18:30:05,921 [INFO ] (FlashSafeAuthClientFilter.java:72) - Handling application stop event
18:30:05,939 [INFO ] (DefaultFlashSafeStorageService.java:128) - Handling application stop event
18:30:05,946 [INFO ] (FlashSafeStorageServiceImpl.java:69) - Handling application stop event
20:54:24,903 [INFO ] (FlashSafeApplication.java:71) - Lookup FlashSafeSystem
20:54:25,364 [INFO ] (DefaultFlashSafeSystem.java:26) - Using class ru.flashsafe.core.impl.DefaultFlashSafeSystem as an implementation of interface ru.flashsafe.core.FlashSafeSystem
20:54:26,945 [DEBUG] (ResourceResolver.java:65) - Loading resource ResourceCacheKey [parent=fls://, resourceName=]
20:54:31,403 [INFO ] (FlashSafeAuthClientFilter.java:116) - Weird thing just happened
javax.ws.rs.ProcessingException: Error reading entity from input stream.
	at org.glassfish.jersey.message.internal.InboundMessageContext.readEntity(InboundMessageContext.java:868) ~[jersey-common-2.19.jar:?]
	at org.glassfish.jersey.message.internal.InboundMessageContext.readEntity(InboundMessageContext.java:785) ~[jersey-common-2.19.jar:?]
	at org.glassfish.jersey.client.ClientResponse.readEntity(ClientResponse.java:326) ~[jersey-client-2.19.jar:?]
	at org.glassfish.jersey.client.JerseyInvocation.translate(JerseyInvocation.java:790) ~[jersey-client-2.19.jar:?]
	at org.glassfish.jersey.client.JerseyInvocation.access$500(JerseyInvocation.java:91) ~[jersey-client-2.19.jar:?]
	at org.glassfish.jersey.client.JerseyInvocation$2.call(JerseyInvocation.java:687) ~[jersey-client-2.19.jar:?]
	at org.glassfish.jersey.internal.Errors.process(Errors.java:315) ~[jersey-common-2.19.jar:?]
	at org.glassfish.jersey.internal.Errors.process(Errors.java:297) ~[jersey-common-2.19.jar:?]
	at org.glassfish.jersey.internal.Errors.process(Errors.java:228) ~[jersey-common-2.19.jar:?]
	at org.glassfish.jersey.process.internal.RequestScope.runInScope(RequestScope.java:444) ~[jersey-common-2.19.jar:?]
	at org.glassfish.jersey.client.JerseyInvocation.invoke(JerseyInvocation.java:683) ~[jersey-client-2.19.jar:?]
	at org.glassfish.jersey.client.JerseyInvocation$Builder.method(JerseyInvocation.java:439) ~[jersey-client-2.19.jar:?]
	at org.glassfish.jersey.client.JerseyInvocation$Builder.post(JerseyInvocation.java:340) ~[jersey-client-2.19.jar:?]
	at ru.flashsafe.core.old.storage.rest.FlashSafeAuthClientFilter.doAuth(FlashSafeAuthClientFilter.java:113) [core-0.1.jar:?]
	at ru.flashsafe.core.old.storage.rest.FlashSafeAuthClientFilter.doAuth(FlashSafeAuthClientFilter.java:99) [core-0.1.jar:?]
	at ru.flashsafe.core.old.storage.rest.FlashSafeAuthClientFilter.filter(FlashSafeAuthClientFilter.java:82) [core-0.1.jar:?]
	at org.glassfish.jersey.client.ClientFilteringStages$RequestFilteringStage.apply(ClientFilteringStages.java:114) [jersey-client-2.19.jar:?]
	at org.glassfish.jersey.client.ClientFilteringStages$RequestFilteringStage.apply(ClientFilteringStages.java:102) [jersey-client-2.19.jar:?]
	at org.glassfish.jersey.process.internal.Stages.process(Stages.java:171) [jersey-common-2.19.jar:?]
	at org.glassfish.jersey.client.ClientRuntime.invoke(ClientRuntime.java:254) [jersey-client-2.19.jar:?]
	at org.glassfish.jersey.client.JerseyInvocation$2.call(JerseyInvocation.java:687) [jersey-client-2.19.jar:?]
	at org.glassfish.jersey.internal.Errors.process(Errors.java:315) [jersey-common-2.19.jar:?]
	at org.glassfish.jersey.internal.Errors.process(Errors.java:297) [jersey-common-2.19.jar:?]
	at org.glassfish.jersey.internal.Errors.process(Errors.java:228) [jersey-common-2.19.jar:?]
	at org.glassfish.jersey.process.internal.RequestScope.runInScope(RequestScope.java:444) [jersey-common-2.19.jar:?]
	at org.glassfish.jersey.client.JerseyInvocation.invoke(JerseyInvocation.java:683) [jersey-client-2.19.jar:?]
	at org.glassfish.jersey.client.JerseyInvocation$Builder.method(JerseyInvocation.java:411) [jersey-client-2.19.jar:?]
	at org.glassfish.jersey.client.JerseyInvocation$Builder.get(JerseyInvocation.java:307) [jersey-client-2.19.jar:?]
	at ru.flashsafe.core.old.storage.DefaultFlashSafeStorageService.doList(DefaultFlashSafeStorageService.java:157) [core-0.1.jar:?]
	at ru.flashsafe.core.old.storage.DefaultFlashSafeStorageService.list(DefaultFlashSafeStorageService.java:140) [core-0.1.jar:?]
	at ru.flashsafe.core.old.storage.FlashSafeStorageServiceImpl.list(FlashSafeStorageServiceImpl.java:92) [core-0.1.jar:?]
	at ru.flashsafe.core.storage.FlashSafeStorageFileManager.list(FlashSafeStorageFileManager.java:35) [core-0.1.jar:?]
	at ru.flashsafe.core.file.impl.UnifiedFileManager.list(UnifiedFileManager.java:57) [core-0.1.jar:?]
	at ru.flashsafe.controller.MainSceneController.listFolder(MainSceneController.java:753) [main/:?]
	at ru.flashsafe.controller.MainSceneController.access$1400(MainSceneController.java:100) [main/:?]
	at ru.flashsafe.controller.MainSceneController$5.call(MainSceneController.java:738) [main/:?]
	at ru.flashsafe.controller.MainSceneController$5.call(MainSceneController.java:735) [main/:?]
	at javafx.concurrent.Task$TaskCallable.call(Task.java:1423) [jfxrt.jar:?]
	at java.util.concurrent.FutureTask.run(FutureTask.java:266) [?:1.8.0_74]
	at java.lang.Thread.run(Thread.java:745) [?:1.8.0_74]
Caused by: com.fasterxml.jackson.databind.JsonMappingException: Can not deserialize instance of ru.flashsafe.core.old.storage.rest.data.AuthData out of START_ARRAY token
 at [Source: org.glassfish.jersey.message.internal.ReaderInterceptorExecutor$UnCloseableInputStream@2fc43a4d; line: 1, column: 42] (through reference chain: ru.flashsafe.core.old.storage.rest.data.AuthResponse["data"])
	at com.fasterxml.jackson.databind.JsonMappingException.from(JsonMappingException.java:148) ~[jackson-databind-2.5.1.jar:2.5.1]
	at com.fasterxml.jackson.databind.DeserializationContext.mappingException(DeserializationContext.java:835) ~[jackson-databind-2.5.1.jar:2.5.1]
	at com.fasterxml.jackson.databind.DeserializationContext.mappingException(DeserializationContext.java:831) ~[jackson-databind-2.5.1.jar:2.5.1]
	at com.fasterxml.jackson.databind.deser.BeanDeserializerBase.deserializeFromArray(BeanDeserializerBase.java:1229) ~[jackson-databind-2.5.1.jar:2.5.1]
	at com.fasterxml.jackson.databind.deser.BeanDeserializer._deserializeOther(BeanDeserializer.java:165) ~[jackson-databind-2.5.1.jar:2.5.1]
	at com.fasterxml.jackson.databind.deser.BeanDeserializer.deserialize(BeanDeserializer.java:144) ~[jackson-databind-2.5.1.jar:2.5.1]
	at com.fasterxml.jackson.databind.deser.SettableBeanProperty.deserialize(SettableBeanProperty.java:523) ~[jackson-databind-2.5.1.jar:2.5.1]
	at com.fasterxml.jackson.databind.deser.impl.FieldProperty.deserializeAndSet(FieldProperty.java:101) ~[jackson-databind-2.5.1.jar:2.5.1]
	at com.fasterxml.jackson.databind.deser.impl.BeanPropertyMap.findDeserializeAndSet(BeanPropertyMap.java:285) ~[jackson-databind-2.5.1.jar:2.5.1]
	at com.fasterxml.jackson.databind.deser.BeanDeserializer.vanillaDeserialize(BeanDeserializer.java:248) ~[jackson-databind-2.5.1.jar:2.5.1]
	at com.fasterxml.jackson.databind.deser.BeanDeserializer.deserialize(BeanDeserializer.java:136) ~[jackson-databind-2.5.1.jar:2.5.1]
	at com.fasterxml.jackson.databind.ObjectReader._bind(ObjectReader.java:1408) ~[jackson-databind-2.5.1.jar:2.5.1]
	at com.fasterxml.jackson.databind.ObjectReader.readValue(ObjectReader.java:858) ~[jackson-databind-2.5.1.jar:2.5.1]
	at com.fasterxml.jackson.jaxrs.base.ProviderBase.readFrom(ProviderBase.java:808) ~[jackson-jaxrs-base-2.5.1.jar:2.5.1]
	at org.glassfish.jersey.message.internal.ReaderInterceptorExecutor$TerminalReaderInterceptor.invokeReadFrom(ReaderInterceptorExecutor.java:266) ~[jersey-common-2.19.jar:?]
	at org.glassfish.jersey.message.internal.ReaderInterceptorExecutor$TerminalReaderInterceptor.aroundReadFrom(ReaderInterceptorExecutor.java:236) ~[jersey-common-2.19.jar:?]
	at org.glassfish.jersey.message.internal.ReaderInterceptorExecutor.proceed(ReaderInterceptorExecutor.java:156) ~[jersey-common-2.19.jar:?]
	at org.glassfish.jersey.message.internal.MessageBodyFactory.readFrom(MessageBodyFactory.java:1085) ~[jersey-common-2.19.jar:?]
	at org.glassfish.jersey.message.internal.InboundMessageContext.readEntity(InboundMessageContext.java:853) ~[jersey-common-2.19.jar:?]
	... 39 more
20:54:37,797 [INFO ] (FlashSafeAuthClientFilter.java:72) - Handling application stop event
20:54:37,806 [INFO ] (DefaultFlashSafeStorageService.java:128) - Handling application stop event
20:54:37,810 [INFO ] (FlashSafeStorageServiceImpl.java:69) - Handling application stop event
20:54:37,811 [INFO ] (LocalFileManager.java:62) - Handling application stop event
20:55:43,390 [INFO ] (FlashSafeApplication.java:71) - Lookup FlashSafeSystem
20:55:43,753 [INFO ] (DefaultFlashSafeSystem.java:26) - Using class ru.flashsafe.core.impl.DefaultFlashSafeSystem as an implementation of interface ru.flashsafe.core.FlashSafeSystem
20:55:46,123 [DEBUG] (ResourceResolver.java:65) - Loading resource ResourceCacheKey [parent=fls://, resourceName=]
20:56:28,142 [INFO ] (FlashSafeAuthClientFilter.java:72) - Handling application stop event
20:56:28,155 [INFO ] (LocalFileManager.java:62) - Handling application stop event
20:56:28,156 [INFO ] (DefaultFlashSafeStorageService.java:128) - Handling application stop event
20:56:28,159 [INFO ] (FlashSafeStorageServiceImpl.java:69) - Handling application stop event
21:01:53,796 [INFO ] (FlashSafeApplication.java:71) - Lookup FlashSafeSystem
21:01:54,393 [INFO ] (DefaultFlashSafeSystem.java:26) - Using class ru.flashsafe.core.impl.DefaultFlashSafeSystem as an implementation of interface ru.flashsafe.core.FlashSafeSystem
21:01:55,792 [DEBUG] (ResourceResolver.java:65) - Loading resource ResourceCacheKey [parent=fls://, resourceName=]
21:02:20,080 [INFO ] (DefaultFlashSafeStorageService.java:128) - Handling application stop event
21:02:20,168 [INFO ] (LocalFileManager.java:62) - Handling application stop event
21:02:20,168 [INFO ] (FlashSafeAuthClientFilter.java:72) - Handling application stop event
21:02:20,172 [INFO ] (FlashSafeStorageServiceImpl.java:69) - Handling application stop event
21:03:29,282 [INFO ] (FlashSafeApplication.java:71) - Lookup FlashSafeSystem
21:03:29,786 [INFO ] (DefaultFlashSafeSystem.java:26) - Using class ru.flashsafe.core.impl.DefaultFlashSafeSystem as an implementation of interface ru.flashsafe.core.FlashSafeSystem
21:03:31,223 [DEBUG] (ResourceResolver.java:65) - Loading resource ResourceCacheKey [parent=fls://, resourceName=]
21:03:50,278 [INFO ] (FlashSafeAuthClientFilter.java:72) - Handling application stop event
21:03:50,291 [INFO ] (DefaultFlashSafeStorageService.java:128) - Handling application stop event
21:03:50,306 [INFO ] (FlashSafeStorageServiceImpl.java:69) - Handling application stop event
21:03:50,307 [INFO ] (LocalFileManager.java:62) - Handling application stop event
08:58:20,728 [INFO ] (FlashSafeApplication.java:71) - Lookup FlashSafeSystem
08:58:21,217 [INFO ] (DefaultFlashSafeSystem.java:26) - Using class ru.flashsafe.core.impl.DefaultFlashSafeSystem as an implementation of interface ru.flashsafe.core.FlashSafeSystem
08:58:23,413 [DEBUG] (ResourceResolver.java:65) - Loading resource ResourceCacheKey [parent=fls://, resourceName=]
08:58:28,817 [INFO ] (FlashSafeAuthClientFilter.java:116) - Weird thing just happened
javax.ws.rs.ProcessingException: Error reading entity from input stream.
	at org.glassfish.jersey.message.internal.InboundMessageContext.readEntity(InboundMessageContext.java:868) ~[jersey-common-2.19.jar:?]
	at org.glassfish.jersey.message.internal.InboundMessageContext.readEntity(InboundMessageContext.java:785) ~[jersey-common-2.19.jar:?]
	at org.glassfish.jersey.client.ClientResponse.readEntity(ClientResponse.java:326) ~[jersey-client-2.19.jar:?]
	at org.glassfish.jersey.client.JerseyInvocation.translate(JerseyInvocation.java:790) ~[jersey-client-2.19.jar:?]
	at org.glassfish.jersey.client.JerseyInvocation.access$500(JerseyInvocation.java:91) ~[jersey-client-2.19.jar:?]
	at org.glassfish.jersey.client.JerseyInvocation$2.call(JerseyInvocation.java:687) ~[jersey-client-2.19.jar:?]
	at org.glassfish.jersey.internal.Errors.process(Errors.java:315) ~[jersey-common-2.19.jar:?]
	at org.glassfish.jersey.internal.Errors.process(Errors.java:297) ~[jersey-common-2.19.jar:?]
	at org.glassfish.jersey.internal.Errors.process(Errors.java:228) ~[jersey-common-2.19.jar:?]
	at org.glassfish.jersey.process.internal.RequestScope.runInScope(RequestScope.java:444) ~[jersey-common-2.19.jar:?]
	at org.glassfish.jersey.client.JerseyInvocation.invoke(JerseyInvocation.java:683) ~[jersey-client-2.19.jar:?]
	at org.glassfish.jersey.client.JerseyInvocation$Builder.method(JerseyInvocation.java:439) ~[jersey-client-2.19.jar:?]
	at org.glassfish.jersey.client.JerseyInvocation$Builder.post(JerseyInvocation.java:340) ~[jersey-client-2.19.jar:?]
	at ru.flashsafe.core.old.storage.rest.FlashSafeAuthClientFilter.doAuth(FlashSafeAuthClientFilter.java:113) [core-0.1.jar:?]
	at ru.flashsafe.core.old.storage.rest.FlashSafeAuthClientFilter.doAuth(FlashSafeAuthClientFilter.java:99) [core-0.1.jar:?]
	at ru.flashsafe.core.old.storage.rest.FlashSafeAuthClientFilter.filter(FlashSafeAuthClientFilter.java:82) [core-0.1.jar:?]
	at org.glassfish.jersey.client.ClientFilteringStages$RequestFilteringStage.apply(ClientFilteringStages.java:114) [jersey-client-2.19.jar:?]
	at org.glassfish.jersey.client.ClientFilteringStages$RequestFilteringStage.apply(ClientFilteringStages.java:102) [jersey-client-2.19.jar:?]
	at org.glassfish.jersey.process.internal.Stages.process(Stages.java:171) [jersey-common-2.19.jar:?]
	at org.glassfish.jersey.client.ClientRuntime.invoke(ClientRuntime.java:254) [jersey-client-2.19.jar:?]
	at org.glassfish.jersey.client.JerseyInvocation$2.call(JerseyInvocation.java:687) [jersey-client-2.19.jar:?]
	at org.glassfish.jersey.internal.Errors.process(Errors.java:315) [jersey-common-2.19.jar:?]
	at org.glassfish.jersey.internal.Errors.process(Errors.java:297) [jersey-common-2.19.jar:?]
	at org.glassfish.jersey.internal.Errors.process(Errors.java:228) [jersey-common-2.19.jar:?]
	at org.glassfish.jersey.process.internal.RequestScope.runInScope(RequestScope.java:444) [jersey-common-2.19.jar:?]
	at org.glassfish.jersey.client.JerseyInvocation.invoke(JerseyInvocation.java:683) [jersey-client-2.19.jar:?]
	at org.glassfish.jersey.client.JerseyInvocation$Builder.method(JerseyInvocation.java:411) [jersey-client-2.19.jar:?]
	at org.glassfish.jersey.client.JerseyInvocation$Builder.get(JerseyInvocation.java:307) [jersey-client-2.19.jar:?]
	at ru.flashsafe.core.old.storage.DefaultFlashSafeStorageService.doList(DefaultFlashSafeStorageService.java:157) [core-0.1.jar:?]
	at ru.flashsafe.core.old.storage.DefaultFlashSafeStorageService.list(DefaultFlashSafeStorageService.java:140) [core-0.1.jar:?]
	at ru.flashsafe.core.old.storage.FlashSafeStorageServiceImpl.list(FlashSafeStorageServiceImpl.java:92) [core-0.1.jar:?]
	at ru.flashsafe.core.storage.FlashSafeStorageFileManager.list(FlashSafeStorageFileManager.java:35) [core-0.1.jar:?]
	at ru.flashsafe.core.file.impl.UnifiedFileManager.list(UnifiedFileManager.java:57) [core-0.1.jar:?]
	at ru.flashsafe.controller.MainSceneController.listFolder(MainSceneController.java:753) [main/:?]
	at ru.flashsafe.controller.MainSceneController.access$1400(MainSceneController.java:100) [main/:?]
	at ru.flashsafe.controller.MainSceneController$5.call(MainSceneController.java:738) [main/:?]
	at ru.flashsafe.controller.MainSceneController$5.call(MainSceneController.java:735) [main/:?]
	at javafx.concurrent.Task$TaskCallable.call(Task.java:1423) [jfxrt.jar:?]
	at java.util.concurrent.FutureTask.run(FutureTask.java:266) [?:1.8.0_74]
	at java.lang.Thread.run(Thread.java:745) [?:1.8.0_74]
Caused by: com.fasterxml.jackson.databind.JsonMappingException: Can not deserialize instance of ru.flashsafe.core.old.storage.rest.data.AuthData out of START_ARRAY token
 at [Source: org.glassfish.jersey.message.internal.ReaderInterceptorExecutor$UnCloseableInputStream@337c69c6; line: 1, column: 42] (through reference chain: ru.flashsafe.core.old.storage.rest.data.AuthResponse["data"])
	at com.fasterxml.jackson.databind.JsonMappingException.from(JsonMappingException.java:148) ~[jackson-databind-2.5.1.jar:2.5.1]
	at com.fasterxml.jackson.databind.DeserializationContext.mappingException(DeserializationContext.java:835) ~[jackson-databind-2.5.1.jar:2.5.1]
	at com.fasterxml.jackson.databind.DeserializationContext.mappingException(DeserializationContext.java:831) ~[jackson-databind-2.5.1.jar:2.5.1]
	at com.fasterxml.jackson.databind.deser.BeanDeserializerBase.deserializeFromArray(BeanDeserializerBase.java:1229) ~[jackson-databind-2.5.1.jar:2.5.1]
	at com.fasterxml.jackson.databind.deser.BeanDeserializer._deserializeOther(BeanDeserializer.java:165) ~[jackson-databind-2.5.1.jar:2.5.1]
	at com.fasterxml.jackson.databind.deser.BeanDeserializer.deserialize(BeanDeserializer.java:144) ~[jackson-databind-2.5.1.jar:2.5.1]
	at com.fasterxml.jackson.databind.deser.SettableBeanProperty.deserialize(SettableBeanProperty.java:523) ~[jackson-databind-2.5.1.jar:2.5.1]
	at com.fasterxml.jackson.databind.deser.impl.FieldProperty.deserializeAndSet(FieldProperty.java:101) ~[jackson-databind-2.5.1.jar:2.5.1]
	at com.fasterxml.jackson.databind.deser.impl.BeanPropertyMap.findDeserializeAndSet(BeanPropertyMap.java:285) ~[jackson-databind-2.5.1.jar:2.5.1]
	at com.fasterxml.jackson.databind.deser.BeanDeserializer.vanillaDeserialize(BeanDeserializer.java:248) ~[jackson-databind-2.5.1.jar:2.5.1]
	at com.fasterxml.jackson.databind.deser.BeanDeserializer.deserialize(BeanDeserializer.java:136) ~[jackson-databind-2.5.1.jar:2.5.1]
	at com.fasterxml.jackson.databind.ObjectReader._bind(ObjectReader.java:1408) ~[jackson-databind-2.5.1.jar:2.5.1]
	at com.fasterxml.jackson.databind.ObjectReader.readValue(ObjectReader.java:858) ~[jackson-databind-2.5.1.jar:2.5.1]
	at com.fasterxml.jackson.jaxrs.base.ProviderBase.readFrom(ProviderBase.java:808) ~[jackson-jaxrs-base-2.5.1.jar:2.5.1]
	at org.glassfish.jersey.message.internal.ReaderInterceptorExecutor$TerminalReaderInterceptor.invokeReadFrom(ReaderInterceptorExecutor.java:266) ~[jersey-common-2.19.jar:?]
	at org.glassfish.jersey.message.internal.ReaderInterceptorExecutor$TerminalReaderInterceptor.aroundReadFrom(ReaderInterceptorExecutor.java:236) ~[jersey-common-2.19.jar:?]
	at org.glassfish.jersey.message.internal.ReaderInterceptorExecutor.proceed(ReaderInterceptorExecutor.java:156) ~[jersey-common-2.19.jar:?]
	at org.glassfish.jersey.message.internal.MessageBodyFactory.readFrom(MessageBodyFactory.java:1085) ~[jersey-common-2.19.jar:?]
	at org.glassfish.jersey.message.internal.InboundMessageContext.readEntity(InboundMessageContext.java:853) ~[jersey-common-2.19.jar:?]
	... 39 more
08:59:40,815 [INFO ] (FlashSafeApplication.java:71) - Lookup FlashSafeSystem
08:59:41,378 [INFO ] (DefaultFlashSafeSystem.java:26) - Using class ru.flashsafe.core.impl.DefaultFlashSafeSystem as an implementation of interface ru.flashsafe.core.FlashSafeSystem
08:59:43,110 [DEBUG] (ResourceResolver.java:65) - Loading resource ResourceCacheKey [parent=fls://, resourceName=]
09:02:41,680 [INFO ] (LocalFileManager.java:62) - Handling application stop event
09:02:41,680 [INFO ] (FlashSafeAuthClientFilter.java:72) - Handling application stop event
09:02:41,690 [INFO ] (DefaultFlashSafeStorageService.java:128) - Handling application stop event
09:02:41,694 [INFO ] (FlashSafeStorageServiceImpl.java:69) - Handling application stop event
09:05:37,538 [INFO ] (FlashSafeApplication.java:71) - Lookup FlashSafeSystem
09:05:37,987 [INFO ] (DefaultFlashSafeSystem.java:26) - Using class ru.flashsafe.core.impl.DefaultFlashSafeSystem as an implementation of interface ru.flashsafe.core.FlashSafeSystem
09:05:39,561 [DEBUG] (ResourceResolver.java:65) - Loading resource ResourceCacheKey [parent=fls://, resourceName=]
09:11:39,656 [DEBUG] (CopyDirectoryToStorageVisitor.java:96) - Uploading file /Users/lesha/Desktop/IMG_2016-01-26 17:28:53.jpg to fls:///
09:13:40,968 [INFO ] (FlashSafeAuthClientFilter.java:72) - Handling application stop event
09:13:40,979 [INFO ] (DefaultFlashSafeStorageService.java:128) - Handling application stop event
09:13:40,984 [INFO ] (FlashSafeStorageServiceImpl.java:69) - Handling application stop event
09:13:40,985 [INFO ] (LocalFileManager.java:62) - Handling application stop event
09:17:22,086 [INFO ] (FlashSafeApplication.java:71) - Lookup FlashSafeSystem
09:17:22,566 [INFO ] (DefaultFlashSafeSystem.java:26) - Using class ru.flashsafe.core.impl.DefaultFlashSafeSystem as an implementation of interface ru.flashsafe.core.FlashSafeSystem
09:17:24,872 [DEBUG] (ResourceResolver.java:65) - Loading resource ResourceCacheKey [parent=fls://, resourceName=]
09:18:50,099 [DEBUG] (CopyDirectoryToStorageVisitor.java:96) - Uploading file /Users/lesha/Desktop/hackmepls.jpg to fls:///
09:20:55,792 [INFO ] (LocalFileManager.java:62) - Handling application stop event
09:20:55,794 [INFO ] (FlashSafeAuthClientFilter.java:72) - Handling application stop event
09:20:55,804 [INFO ] (FlashSafeStorageServiceImpl.java:69) - Handling application stop event
09:20:55,805 [INFO ] (DefaultFlashSafeStorageService.java:128) - Handling application stop event
09:41:37,645 [INFO ] (FlashSafeApplication.java:71) - Lookup FlashSafeSystem
09:41:38,118 [INFO ] (DefaultFlashSafeSystem.java:26) - Using class ru.flashsafe.core.impl.DefaultFlashSafeSystem as an implementation of interface ru.flashsafe.core.FlashSafeSystem
09:41:40,120 [DEBUG] (ResourceResolver.java:65) - Loading resource ResourceCacheKey [parent=fls://, resourceName=]
09:41:57,639 [DEBUG] (CopyDirectoryToStorageVisitor.java:96) - Uploading file /Users/lesha/Desktop/IMG_2016-01-26 17:28:53.jpg to fls:///
09:43:10,201 [INFO ] (LocalFileManager.java:62) - Handling application stop event
09:43:10,203 [INFO ] (FlashSafeAuthClientFilter.java:72) - Handling application stop event
09:43:10,215 [INFO ] (FlashSafeStorageServiceImpl.java:69) - Handling application stop event
09:43:10,216 [INFO ] (DefaultFlashSafeStorageService.java:128) - Handling application stop event
10:12:06,506 [INFO ] (FlashSafeApplication.java:71) - Lookup FlashSafeSystem
10:12:07,015 [INFO ] (DefaultFlashSafeSystem.java:26) - Using class ru.flashsafe.core.impl.DefaultFlashSafeSystem as an implementation of interface ru.flashsafe.core.FlashSafeSystem
10:12:08,062 [DEBUG] (ResourceResolver.java:65) - Loading resource ResourceCacheKey [parent=fls://, resourceName=]
10:12:48,784 [DEBUG] (ResourceResolver.java:65) - Loading resource ResourceCacheKey [parent=fls://, resourceName=My workspace]
10:13:40,825 [INFO ] (LocalFileManager.java:62) - Handling application stop event
10:13:40,827 [INFO ] (FlashSafeAuthClientFilter.java:72) - Handling application stop event
10:13:40,838 [INFO ] (DefaultFlashSafeStorageService.java:128) - Handling application stop event
10:13:40,844 [INFO ] (FlashSafeStorageServiceImpl.java:69) - Handling application stop event
10:19:00,247 [INFO ] (FlashSafeApplication.java:71) - Lookup FlashSafeSystem
10:19:00,777 [INFO ] (DefaultFlashSafeSystem.java:26) - Using class ru.flashsafe.core.impl.DefaultFlashSafeSystem as an implementation of interface ru.flashsafe.core.FlashSafeSystem
10:19:02,541 [DEBUG] (ResourceResolver.java:65) - Loading resource ResourceCacheKey [parent=fls://, resourceName=]
10:19:12,792 [DEBUG] (ResourceResolver.java:65) - Loading resource ResourceCacheKey [parent=fls://, resourceName=My photo]
10:20:48,150 [INFO ] (DefaultFlashSafeStorageService.java:128) - Handling application stop event
10:20:48,162 [INFO ] (FlashSafeStorageServiceImpl.java:69) - Handling application stop event
10:20:48,162 [INFO ] (LocalFileManager.java:62) - Handling application stop event
10:20:48,163 [INFO ] (FlashSafeAuthClientFilter.java:72) - Handling application stop event
10:20:56,391 [INFO ] (FlashSafeApplication.java:71) - Lookup FlashSafeSystem
10:20:57,079 [INFO ] (DefaultFlashSafeSystem.java:26) - Using class ru.flashsafe.core.impl.DefaultFlashSafeSystem as an implementation of interface ru.flashsafe.core.FlashSafeSystem
10:20:59,186 [DEBUG] (ResourceResolver.java:65) - Loading resource ResourceCacheKey [parent=fls://, resourceName=]
10:21:10,027 [DEBUG] (ResourceResolver.java:65) - Loading resource ResourceCacheKey [parent=fls://, resourceName=My photo]
10:22:34,452 [INFO ] (DefaultFlashSafeStorageService.java:128) - Handling application stop event
10:22:34,461 [INFO ] (LocalFileManager.java:62) - Handling application stop event
10:22:34,462 [INFO ] (FlashSafeAuthClientFilter.java:72) - Handling application stop event
10:22:34,465 [INFO ] (FlashSafeStorageServiceImpl.java:69) - Handling application stop event
10:24:28,004 [INFO ] (FlashSafeApplication.java:71) - Lookup FlashSafeSystem
10:24:28,343 [INFO ] (DefaultFlashSafeSystem.java:26) - Using class ru.flashsafe.core.impl.DefaultFlashSafeSystem as an implementation of interface ru.flashsafe.core.FlashSafeSystem
10:24:30,421 [DEBUG] (ResourceResolver.java:65) - Loading resource ResourceCacheKey [parent=fls://, resourceName=]
10:24:39,495 [DEBUG] (ResourceResolver.java:65) - Loading resource ResourceCacheKey [parent=fls://, resourceName=My photo]
10:24:57,436 [INFO ] (DefaultFlashSafeStorageService.java:128) - Handling application stop event
10:24:57,495 [INFO ] (LocalFileManager.java:62) - Handling application stop event
10:24:57,495 [INFO ] (FlashSafeAuthClientFilter.java:72) - Handling application stop event
10:24:57,497 [INFO ] (FlashSafeStorageServiceImpl.java:69) - Handling application stop event
10:27:06,989 [INFO ] (FlashSafeApplication.java:71) - Lookup FlashSafeSystem
10:27:07,351 [INFO ] (DefaultFlashSafeSystem.java:26) - Using class ru.flashsafe.core.impl.DefaultFlashSafeSystem as an implementation of interface ru.flashsafe.core.FlashSafeSystem
10:27:09,137 [DEBUG] (ResourceResolver.java:65) - Loading resource ResourceCacheKey [parent=fls://, resourceName=]
10:27:32,000 [DEBUG] (ResourceResolver.java:65) - Loading resource ResourceCacheKey [parent=fls://, resourceName=My photo]
10:27:46,492 [DEBUG] (ResourceResolver.java:65) - Loading resource ResourceCacheKey [parent=fls://, resourceName=My workspace]
10:30:35,288 [INFO ] (FlashSafeApplication.java:71) - Lookup FlashSafeSystem
10:30:35,643 [INFO ] (DefaultFlashSafeSystem.java:26) - Using class ru.flashsafe.core.impl.DefaultFlashSafeSystem as an implementation of interface ru.flashsafe.core.FlashSafeSystem
10:30:37,628 [DEBUG] (ResourceResolver.java:65) - Loading resource ResourceCacheKey [parent=fls://, resourceName=]
10:30:46,693 [DEBUG] (ResourceResolver.java:65) - Loading resource ResourceCacheKey [parent=fls://, resourceName=My soft]
10:35:02,382 [INFO ] (DefaultFlashSafeStorageService.java:128) - Handling application stop event
10:35:02,421 [INFO ] (LocalFileManager.java:62) - Handling application stop event
10:35:02,421 [INFO ] (FlashSafeAuthClientFilter.java:72) - Handling application stop event
10:35:02,433 [INFO ] (FlashSafeStorageServiceImpl.java:69) - Handling application stop event
10:35:07,560 [INFO ] (LocalFileManager.java:62) - Handling application stop event
10:35:07,564 [INFO ] (DefaultFlashSafeStorageService.java:128) - Handling application stop event
10:35:07,599 [INFO ] (FlashSafeAuthClientFilter.java:72) - Handling application stop event
10:35:07,606 [INFO ] (FlashSafeStorageServiceImpl.java:69) - Handling application stop event
